<?xml version="1.0" encoding="UTF-8"?>
<!-- Generated by org.testng.reporters.JUnitReportReporter -->
<testsuite ignored="0" hostname="SL-2037" failures="0" tests="1" name="com.lilly.LillyTest" time="50.561" errors="0" timestamp="17 Jun 2025 15:22:25 GMT" skipped="0">
  <testcase classname="com.lilly.LillyTest" name="LillyTitle" time="50.561"/>
</testsuite> <!-- com.lilly.LillyTest -->
