<?xml version="1.0" encoding="UTF-8"?>
<!-- Generated by org.testng.reporters.JUnitReportReporter -->
<testsuite ignored="0" hostname="SL-2037" failures="0" tests="1" name="com.bb.BBTest" time="43.081" errors="0" timestamp="12 Jun 2025 13:33:50 GMT" skipped="0">
  <testcase classname="com.bb.BBTest" name="BBPageTitle" time="43.081"/>
</testsuite> <!-- com.bb.BBTest -->
