<?xml version="1.0" encoding="UTF-8"?>
<!-- Generated by org.testng.reporters.JUnitReportReporter -->
<testsuite ignored="0" hostname="SL-2037" failures="0" tests="1" name="com.nb.NBTest" time="34.747" errors="0" timestamp="18 Jun 2025 15:09:10 GMT" skipped="0">
  <testcase classname="com.nb.NBTest" name="NBTitle" time="34.747"/>
</testsuite> <!-- com.nb.NBTest -->
