<?xml version="1.0" encoding="UTF-8"?>
<!-- Generated by org.testng.reporters.JUnitReportReporter -->
<testsuite ignored="0" hostname="SL-2037" failures="0" tests="1" name="com.nc.NCTest" time="22.876" errors="0" timestamp="26 Jun 2025 15:59:37 GMT" skipped="0">
  <testcase classname="com.nc.NCTest" name="NCTitle" time="22.876"/>
</testsuite> <!-- com.nc.NCTest -->
