<?xml version="1.0" encoding="UTF-8"?>
<!-- Generated by org.testng.reporters.JUnitReportReporter -->
<testsuite ignored="0" hostname="SL-2037" failures="0" tests="1" name="com.merative.MerativeTest" time="34.782" errors="0" timestamp="12 Jun 2025 17:13:12 GMT" skipped="0">
  <testcase classname="com.merative.MerativeTest" name="MerativeTitle" time="34.782"/>
</testsuite> <!-- com.merative.MerativeTest -->
